<?xml version="1.0" encoding="UTF-8"?>
<testsuite xmlns:xsi="http://www.w3.org/2001/XMLSchema-instance" xsi:noNamespaceSchemaLocation="https://maven.apache.org/surefire/maven-surefire-plugin/xsd/surefire-test-report.xsd" name="com.tacoloco.pricingCalculator.IntegrationTests" time="114.217" tests="24" errors="0" skipped="0" failures="1">
  <properties>
    <property name="awt.toolkit" value="sun.awt.X11.XToolkit"/>
    <property name="file.encoding.pkg" value="sun.io"/>
    <property name="java.specification.version" value="1.8"/>
    <property name="sun.cpu.isalist" value=""/>
    <property name="sun.jnu.encoding" value="UTF-8"/>
    <property name="java.class.path" value="/home/dothewu/Downloads/Testing/taco-loco/target/test-classes:/home/dothewu/Downloads/Testing/taco-loco/target/classes:/home/dothewu/.m2/repository/com/jayway/jsonpath/json-path/2.4.0/json-path-2.4.0.jar:/home/dothewu/.m2/repository/net/minidev/json-smart/2.3/json-smart-2.3.jar:/home/dothewu/.m2/repository/net/minidev/accessors-smart/1.2/accessors-smart-1.2.jar:/home/dothewu/.m2/repository/org/ow2/asm/asm/5.0.4/asm-5.0.4.jar:/home/dothewu/.m2/repository/org/slf4j/slf4j-api/1.7.30/slf4j-api-1.7.30.jar:/home/dothewu/.m2/repository/org/springframework/security/spring-security-test/5.2.2.RELEASE/spring-security-test-5.2.2.RELEASE.jar:/home/dothewu/.m2/repository/org/springframework/security/spring-security-core/5.2.2.RELEASE/spring-security-core-5.2.2.RELEASE.jar:/home/dothewu/.m2/repository/org/springframework/spring-beans/5.2.4.RELEASE/spring-beans-5.2.4.RELEASE.jar:/home/dothewu/.m2/repository/org/springframework/spring-context/5.2.4.RELEASE/spring-context-5.2.4.RELEASE.jar:/home/dothewu/.m2/repository/org/springframework/spring-expression/5.2.4.RELEASE/spring-expression-5.2.4.RELEASE.jar:/home/dothewu/.m2/repository/org/springframework/security/spring-security-web/5.2.2.RELEASE/spring-security-web-5.2.2.RELEASE.jar:/home/dothewu/.m2/repository/org/springframework/spring-core/5.2.4.RELEASE/spring-core-5.2.4.RELEASE.jar:/home/dothewu/.m2/repository/org/springframework/spring-jcl/5.2.4.RELEASE/spring-jcl-5.2.4.RELEASE.jar:/home/dothewu/.m2/repository/org/springframework/spring-test/5.2.4.RELEASE/spring-test-5.2.4.RELEASE.jar:/home/dothewu/.m2/repository/org/springframework/boot/spring-boot-starter-data-jdbc/2.2.5.RELEASE/spring-boot-starter-data-jdbc-2.2.5.RELEASE.jar:/home/dothewu/.m2/repository/org/springframework/boot/spring-boot-starter-jdbc/2.2.5.RELEASE/spring-boot-starter-jdbc-2.2.5.RELEASE.jar:/home/dothewu/.m2/repository/com/zaxxer/HikariCP/3.4.2/HikariCP-3.4.2.jar:/home/dothewu/.m2/repository/org/springframework/spring-jdbc/5.2.4.RELEASE/spring-jdbc-5.2.4.RELEASE.jar:/home/dothewu/.m2/repository/org/springframework/data/spring-data-jdbc/1.1.5.RELEASE/spring-data-jdbc-1.1.5.RELEASE.jar:/home/dothewu/.m2/repository/org/springframework/data/spring-data-relational/1.1.5.RELEASE/spring-data-relational-1.1.5.RELEASE.jar:/home/dothewu/.m2/repository/org/springframework/data/spring-data-commons/2.2.5.RELEASE/spring-data-commons-2.2.5.RELEASE.jar:/home/dothewu/.m2/repository/org/springframework/spring-tx/5.2.4.RELEASE/spring-tx-5.2.4.RELEASE.jar:/home/dothewu/.m2/repository/com/h2database/h2/1.4.200/h2-1.4.200.jar:/home/dothewu/.m2/repository/org/apache/logging/log4j/log4j-core/2.13.3/log4j-core-2.13.3.jar:/home/dothewu/.m2/repository/org/apache/logging/log4j/log4j-api/2.12.1/log4j-api-2.12.1.jar:/home/dothewu/.m2/repository/org/springframework/boot/spring-boot-starter-web/2.2.5.RELEASE/spring-boot-starter-web-2.2.5.RELEASE.jar:/home/dothewu/.m2/repository/org/springframework/boot/spring-boot-starter-json/2.2.5.RELEASE/spring-boot-starter-json-2.2.5.RELEASE.jar:/home/dothewu/.m2/repository/com/fasterxml/jackson/datatype/jackson-datatype-jdk8/2.10.2/jackson-datatype-jdk8-2.10.2.jar:/home/dothewu/.m2/repository/com/fasterxml/jackson/datatype/jackson-datatype-jsr310/2.10.2/jackson-datatype-jsr310-2.10.2.jar:/home/dothewu/.m2/repository/com/fasterxml/jackson/module/jackson-module-parameter-names/2.10.2/jackson-module-parameter-names-2.10.2.jar:/home/dothewu/.m2/repository/org/springframework/boot/spring-boot-starter-tomcat/2.2.5.RELEASE/spring-boot-starter-tomcat-2.2.5.RELEASE.jar:/home/dothewu/.m2/repository/org/apache/tomcat/embed/tomcat-embed-core/9.0.31/tomcat-embed-core-9.0.31.jar:/home/dothewu/.m2/repository/org/apache/tomcat/embed/tomcat-embed-el/9.0.31/tomcat-embed-el-9.0.31.jar:/home/dothewu/.m2/repository/org/apache/tomcat/embed/tomcat-embed-websocket/9.0.31/tomcat-embed-websocket-9.0.31.jar:/home/dothewu/.m2/repository/org/springframework/boot/spring-boot-starter-validation/2.2.5.RELEASE/spring-boot-starter-validation-2.2.5.RELEASE.jar:/home/dothewu/.m2/repository/jakarta/validation/jakarta.validation-api/2.0.2/jakarta.validation-api-2.0.2.jar:/home/dothewu/.m2/repository/org/hibernate/validator/hibernate-validator/6.0.18.Final/hibernate-validator-6.0.18.Final.jar:/home/dothewu/.m2/repository/org/springframework/spring-web/5.2.4.RELEASE/spring-web-5.2.4.RELEASE.jar:/home/dothewu/.m2/repository/org/springframework/spring-webmvc/5.2.4.RELEASE/spring-webmvc-5.2.4.RELEASE.jar:/home/dothewu/.m2/repository/org/springframework/boot/spring-boot-starter/2.2.5.RELEASE/spring-boot-starter-2.2.5.RELEASE.jar:/home/dothewu/.m2/repository/org/springframework/boot/spring-boot/2.2.5.RELEASE/spring-boot-2.2.5.RELEASE.jar:/home/dothewu/.m2/repository/org/springframework/boot/spring-boot-autoconfigure/2.2.5.RELEASE/spring-boot-autoconfigure-2.2.5.RELEASE.jar:/home/dothewu/.m2/repository/org/springframework/boot/spring-boot-starter-logging/2.2.5.RELEASE/spring-boot-starter-logging-2.2.5.RELEASE.jar:/home/dothewu/.m2/repository/ch/qos/logback/logback-classic/1.2.3/logback-classic-1.2.3.jar:/home/dothewu/.m2/repository/ch/qos/logback/logback-core/1.2.3/logback-core-1.2.3.jar:/home/dothewu/.m2/repository/org/apache/logging/log4j/log4j-to-slf4j/2.12.1/log4j-to-slf4j-2.12.1.jar:/home/dothewu/.m2/repository/org/slf4j/jul-to-slf4j/1.7.30/jul-to-slf4j-1.7.30.jar:/home/dothewu/.m2/repository/jakarta/annotation/jakarta.annotation-api/1.3.5/jakarta.annotation-api-1.3.5.jar:/home/dothewu/.m2/repository/org/yaml/snakeyaml/1.25/snakeyaml-1.25.jar:/home/dothewu/.m2/repository/org/projectlombok/lombok/1.18.12/lombok-1.18.12.jar:/home/dothewu/.m2/repository/org/springframework/boot/spring-boot-starter-data-jpa/2.2.5.RELEASE/spring-boot-starter-data-jpa-2.2.5.RELEASE.jar:/home/dothewu/.m2/repository/org/springframework/boot/spring-boot-starter-aop/2.2.5.RELEASE/spring-boot-starter-aop-2.2.5.RELEASE.jar:/home/dothewu/.m2/repository/org/aspectj/aspectjweaver/1.9.5/aspectjweaver-1.9.5.jar:/home/dothewu/.m2/repository/jakarta/activation/jakarta.activation-api/1.2.2/jakarta.activation-api-1.2.2.jar:/home/dothewu/.m2/repository/jakarta/persistence/jakarta.persistence-api/2.2.3/jakarta.persistence-api-2.2.3.jar:/home/dothewu/.m2/repository/jakarta/transaction/jakarta.transaction-api/1.3.3/jakarta.transaction-api-1.3.3.jar:/home/dothewu/.m2/repository/org/hibernate/hibernate-core/5.4.12.Final/hibernate-core-5.4.12.Final.jar:/home/dothewu/.m2/repository/org/jboss/logging/jboss-logging/3.4.1.Final/jboss-logging-3.4.1.Final.jar:/home/dothewu/.m2/repository/org/javassist/javassist/3.24.0-GA/javassist-3.24.0-GA.jar:/home/dothewu/.m2/repository/net/bytebuddy/byte-buddy/1.10.8/byte-buddy-1.10.8.jar:/home/dothewu/.m2/repository/antlr/antlr/2.7.7/antlr-2.7.7.jar:/home/dothewu/.m2/repository/org/jboss/jandex/2.1.1.Final/jandex-2.1.1.Final.jar:/home/dothewu/.m2/repository/com/fasterxml/classmate/1.5.1/classmate-1.5.1.jar:/home/dothewu/.m2/repository/org/dom4j/dom4j/2.1.1/dom4j-2.1.1.jar:/home/dothewu/.m2/repository/org/hibernate/common/hibernate-commons-annotations/5.1.0.Final/hibernate-commons-annotations-5.1.0.Final.jar:/home/dothewu/.m2/repository/org/glassfish/jaxb/jaxb-runtime/2.3.2/jaxb-runtime-2.3.2.jar:/home/dothewu/.m2/repository/org/glassfish/jaxb/txw2/2.3.2/txw2-2.3.2.jar:/home/dothewu/.m2/repository/com/sun/istack/istack-commons-runtime/3.0.8/istack-commons-runtime-3.0.8.jar:/home/dothewu/.m2/repository/org/jvnet/staxex/stax-ex/1.8.1/stax-ex-1.8.1.jar:/home/dothewu/.m2/repository/com/sun/xml/fastinfoset/FastInfoset/1.2.16/FastInfoset-1.2.16.jar:/home/dothewu/.m2/repository/org/springframework/data/spring-data-jpa/2.2.5.RELEASE/spring-data-jpa-2.2.5.RELEASE.jar:/home/dothewu/.m2/repository/org/springframework/spring-orm/5.2.4.RELEASE/spring-orm-5.2.4.RELEASE.jar:/home/dothewu/.m2/repository/org/springframework/spring-aspects/5.2.4.RELEASE/spring-aspects-5.2.4.RELEASE.jar:/home/dothewu/.m2/repository/org/springframework/boot/spring-boot-starter-test/2.2.5.RELEASE/spring-boot-starter-test-2.2.5.RELEASE.jar:/home/dothewu/.m2/repository/org/springframework/boot/spring-boot-test/2.2.5.RELEASE/spring-boot-test-2.2.5.RELEASE.jar:/home/dothewu/.m2/repository/org/springframework/boot/spring-boot-test-autoconfigure/2.2.5.RELEASE/spring-boot-test-autoconfigure-2.2.5.RELEASE.jar:/home/dothewu/.m2/repository/jakarta/xml/bind/jakarta.xml.bind-api/2.3.2/jakarta.xml.bind-api-2.3.2.jar:/home/dothewu/.m2/repository/org/junit/jupiter/junit-jupiter/5.5.2/junit-jupiter-5.5.2.jar:/home/dothewu/.m2/repository/org/junit/jupiter/junit-jupiter-api/5.5.2/junit-jupiter-api-5.5.2.jar:/home/dothewu/.m2/repository/org/apiguardian/apiguardian-api/1.1.0/apiguardian-api-1.1.0.jar:/home/dothewu/.m2/repository/org/opentest4j/opentest4j/1.2.0/opentest4j-1.2.0.jar:/home/dothewu/.m2/repository/org/junit/platform/junit-platform-commons/1.5.2/junit-platform-commons-1.5.2.jar:/home/dothewu/.m2/repository/org/junit/jupiter/junit-jupiter-params/5.5.2/junit-jupiter-params-5.5.2.jar:/home/dothewu/.m2/repository/org/junit/jupiter/junit-jupiter-engine/5.5.2/junit-jupiter-engine-5.5.2.jar:/home/dothewu/.m2/repository/org/junit/platform/junit-platform-engine/1.5.2/junit-platform-engine-1.5.2.jar:/home/dothewu/.m2/repository/org/mockito/mockito-junit-jupiter/3.1.0/mockito-junit-jupiter-3.1.0.jar:/home/dothewu/.m2/repository/org/assertj/assertj-core/3.13.2/assertj-core-3.13.2.jar:/home/dothewu/.m2/repository/org/hamcrest/hamcrest/2.1/hamcrest-2.1.jar:/home/dothewu/.m2/repository/org/mockito/mockito-core/3.1.0/mockito-core-3.1.0.jar:/home/dothewu/.m2/repository/net/bytebuddy/byte-buddy-agent/1.10.8/byte-buddy-agent-1.10.8.jar:/home/dothewu/.m2/repository/org/objenesis/objenesis/2.6/objenesis-2.6.jar:/home/dothewu/.m2/repository/org/skyscreamer/jsonassert/1.5.0/jsonassert-1.5.0.jar:/home/dothewu/.m2/repository/com/vaadin/external/google/android-json/0.0.20131108.vaadin1/android-json-0.0.20131108.vaadin1.jar:/home/dothewu/.m2/repository/org/xmlunit/xmlunit-core/2.6.3/xmlunit-core-2.6.3.jar:/home/dothewu/.m2/repository/org/springdoc/springdoc-openapi-ui/1.2.32/springdoc-openapi-ui-1.2.32.jar:/home/dothewu/.m2/repository/org/springdoc/springdoc-openapi-webmvc-core/1.2.32/springdoc-openapi-webmvc-core-1.2.32.jar:/home/dothewu/.m2/repository/org/webjars/swagger-ui/3.25.0/swagger-ui-3.25.0.jar:/home/dothewu/.m2/repository/org/webjars/webjars-locator/0.38/webjars-locator-0.38.jar:/home/dothewu/.m2/repository/org/webjars/webjars-locator-core/0.41/webjars-locator-core-0.41.jar:/home/dothewu/.m2/repository/org/webjars/npm/angular__http/2.4.10/angular__http-2.4.10.jar:/home/dothewu/.m2/repository/org/apache/commons/commons-lang3/3.9/commons-lang3-3.9.jar:/home/dothewu/.m2/repository/org/springdoc/springdoc-openapi-data-rest/1.2.32/springdoc-openapi-data-rest-1.2.32.jar:/home/dothewu/.m2/repository/org/springdoc/springdoc-openapi-common/1.2.32/springdoc-openapi-common-1.2.32.jar:/home/dothewu/.m2/repository/io/swagger/core/v3/swagger-models/2.1.1/swagger-models-2.1.1.jar:/home/dothewu/.m2/repository/io/swagger/core/v3/swagger-annotations/2.1.1/swagger-annotations-2.1.1.jar:/home/dothewu/.m2/repository/io/swagger/core/v3/swagger-integration/2.1.1/swagger-integration-2.1.1.jar:/home/dothewu/.m2/repository/io/swagger/core/v3/swagger-core/2.1.1/swagger-core-2.1.1.jar:/home/dothewu/.m2/repository/javax/xml/bind/jaxb-api/2.3.1/jaxb-api-2.3.1.jar:/home/dothewu/.m2/repository/javax/activation/javax.activation-api/1.2.0/javax.activation-api-1.2.0.jar:/home/dothewu/.m2/repository/com/fasterxml/jackson/dataformat/jackson-dataformat-yaml/2.10.2/jackson-dataformat-yaml-2.10.2.jar:/home/dothewu/.m2/repository/io/github/classgraph/classgraph/4.8.44/classgraph-4.8.44.jar:/home/dothewu/.m2/repository/org/springframework/boot/spring-boot-starter-data-rest/2.2.5.RELEASE/spring-boot-starter-data-rest-2.2.5.RELEASE.jar:/home/dothewu/.m2/repository/org/springframework/data/spring-data-rest-webmvc/3.2.5.RELEASE/spring-data-rest-webmvc-3.2.5.RELEASE.jar:/home/dothewu/.m2/repository/org/springframework/data/spring-data-rest-core/3.2.5.RELEASE/spring-data-rest-core-3.2.5.RELEASE.jar:/home/dothewu/.m2/repository/org/springframework/hateoas/spring-hateoas/1.0.3.RELEASE/spring-hateoas-1.0.3.RELEASE.jar:/home/dothewu/.m2/repository/org/springframework/plugin/spring-plugin-core/2.0.0.RELEASE/spring-plugin-core-2.0.0.RELEASE.jar:/home/dothewu/.m2/repository/org/atteo/evo-inflector/1.2.2/evo-inflector-1.2.2.jar:/home/dothewu/.m2/repository/javax/validation/validation-api/1.0.0.GA/validation-api-1.0.0.GA.jar:/home/dothewu/.m2/repository/org/springframework/boot/spring-boot-starter-security/2.2.5.RELEASE/spring-boot-starter-security-2.2.5.RELEASE.jar:/home/dothewu/.m2/repository/org/springframework/spring-aop/5.2.4.RELEASE/spring-aop-5.2.4.RELEASE.jar:/home/dothewu/.m2/repository/org/springframework/security/spring-security-config/5.2.2.RELEASE/spring-security-config-5.2.2.RELEASE.jar:/home/dothewu/.m2/repository/io/jsonwebtoken/jjwt/0.9.1/jjwt-0.9.1.jar:/home/dothewu/.m2/repository/com/fasterxml/jackson/core/jackson-databind/2.10.2/jackson-databind-2.10.2.jar:/home/dothewu/.m2/repository/com/fasterxml/jackson/core/jackson-annotations/2.10.2/jackson-annotations-2.10.2.jar:/home/dothewu/.m2/repository/com/fasterxml/jackson/core/jackson-core/2.10.2/jackson-core-2.10.2.jar:"/>
    <property name="java.vm.vendor" value="Private Build"/>
    <property name="sun.arch.data.model" value="64"/>
    <property name="java.vendor.url" value="http://java.oracle.com/"/>
    <property name="user.timezone" value=""/>
    <property name="java.vm.specification.version" value="1.8"/>
    <property name="os.name" value="Linux"/>
    <property name="user.country" value="US"/>
    <property name="sun.java.launcher" value="SUN_STANDARD"/>
    <property name="sun.boot.library.path" value="/usr/lib/jvm/java-8-openjdk-amd64/jre/lib/amd64"/>
    <property name="sun.java.command" value="/home/dothewu/Downloads/Testing/taco-loco/target/surefire/surefirebooter4530917955634200194.jar /home/dothewu/Downloads/Testing/taco-loco/target/surefire 2020-09-15T13-29-23_747-jvmRun1 surefire4529541297950173405tmp surefire_07509681099170962668tmp"/>
    <property name="test" value="IntegrationTests"/>
    <property name="surefire.test.class.path" value="/home/dothewu/Downloads/Testing/taco-loco/target/test-classes:/home/dothewu/Downloads/Testing/taco-loco/target/classes:/home/dothewu/.m2/repository/com/jayway/jsonpath/json-path/2.4.0/json-path-2.4.0.jar:/home/dothewu/.m2/repository/net/minidev/json-smart/2.3/json-smart-2.3.jar:/home/dothewu/.m2/repository/net/minidev/accessors-smart/1.2/accessors-smart-1.2.jar:/home/dothewu/.m2/repository/org/ow2/asm/asm/5.0.4/asm-5.0.4.jar:/home/dothewu/.m2/repository/org/slf4j/slf4j-api/1.7.30/slf4j-api-1.7.30.jar:/home/dothewu/.m2/repository/org/springframework/security/spring-security-test/5.2.2.RELEASE/spring-security-test-5.2.2.RELEASE.jar:/home/dothewu/.m2/repository/org/springframework/security/spring-security-core/5.2.2.RELEASE/spring-security-core-5.2.2.RELEASE.jar:/home/dothewu/.m2/repository/org/springframework/spring-beans/5.2.4.RELEASE/spring-beans-5.2.4.RELEASE.jar:/home/dothewu/.m2/repository/org/springframework/spring-context/5.2.4.RELEASE/spring-context-5.2.4.RELEASE.jar:/home/dothewu/.m2/repository/org/springframework/spring-expression/5.2.4.RELEASE/spring-expression-5.2.4.RELEASE.jar:/home/dothewu/.m2/repository/org/springframework/security/spring-security-web/5.2.2.RELEASE/spring-security-web-5.2.2.RELEASE.jar:/home/dothewu/.m2/repository/org/springframework/spring-core/5.2.4.RELEASE/spring-core-5.2.4.RELEASE.jar:/home/dothewu/.m2/repository/org/springframework/spring-jcl/5.2.4.RELEASE/spring-jcl-5.2.4.RELEASE.jar:/home/dothewu/.m2/repository/org/springframework/spring-test/5.2.4.RELEASE/spring-test-5.2.4.RELEASE.jar:/home/dothewu/.m2/repository/org/springframework/boot/spring-boot-starter-data-jdbc/2.2.5.RELEASE/spring-boot-starter-data-jdbc-2.2.5.RELEASE.jar:/home/dothewu/.m2/repository/org/springframework/boot/spring-boot-starter-jdbc/2.2.5.RELEASE/spring-boot-starter-jdbc-2.2.5.RELEASE.jar:/home/dothewu/.m2/repository/com/zaxxer/HikariCP/3.4.2/HikariCP-3.4.2.jar:/home/dothewu/.m2/repository/org/springframework/spring-jdbc/5.2.4.RELEASE/spring-jdbc-5.2.4.RELEASE.jar:/home/dothewu/.m2/repository/org/springframework/data/spring-data-jdbc/1.1.5.RELEASE/spring-data-jdbc-1.1.5.RELEASE.jar:/home/dothewu/.m2/repository/org/springframework/data/spring-data-relational/1.1.5.RELEASE/spring-data-relational-1.1.5.RELEASE.jar:/home/dothewu/.m2/repository/org/springframework/data/spring-data-commons/2.2.5.RELEASE/spring-data-commons-2.2.5.RELEASE.jar:/home/dothewu/.m2/repository/org/springframework/spring-tx/5.2.4.RELEASE/spring-tx-5.2.4.RELEASE.jar:/home/dothewu/.m2/repository/com/h2database/h2/1.4.200/h2-1.4.200.jar:/home/dothewu/.m2/repository/org/apache/logging/log4j/log4j-core/2.13.3/log4j-core-2.13.3.jar:/home/dothewu/.m2/repository/org/apache/logging/log4j/log4j-api/2.12.1/log4j-api-2.12.1.jar:/home/dothewu/.m2/repository/org/springframework/boot/spring-boot-starter-web/2.2.5.RELEASE/spring-boot-starter-web-2.2.5.RELEASE.jar:/home/dothewu/.m2/repository/org/springframework/boot/spring-boot-starter-json/2.2.5.RELEASE/spring-boot-starter-json-2.2.5.RELEASE.jar:/home/dothewu/.m2/repository/com/fasterxml/jackson/datatype/jackson-datatype-jdk8/2.10.2/jackson-datatype-jdk8-2.10.2.jar:/home/dothewu/.m2/repository/com/fasterxml/jackson/datatype/jackson-datatype-jsr310/2.10.2/jackson-datatype-jsr310-2.10.2.jar:/home/dothewu/.m2/repository/com/fasterxml/jackson/module/jackson-module-parameter-names/2.10.2/jackson-module-parameter-names-2.10.2.jar:/home/dothewu/.m2/repository/org/springframework/boot/spring-boot-starter-tomcat/2.2.5.RELEASE/spring-boot-starter-tomcat-2.2.5.RELEASE.jar:/home/dothewu/.m2/repository/org/apache/tomcat/embed/tomcat-embed-core/9.0.31/tomcat-embed-core-9.0.31.jar:/home/dothewu/.m2/repository/org/apache/tomcat/embed/tomcat-embed-el/9.0.31/tomcat-embed-el-9.0.31.jar:/home/dothewu/.m2/repository/org/apache/tomcat/embed/tomcat-embed-websocket/9.0.31/tomcat-embed-websocket-9.0.31.jar:/home/dothewu/.m2/repository/org/springframework/boot/spring-boot-starter-validation/2.2.5.RELEASE/spring-boot-starter-validation-2.2.5.RELEASE.jar:/home/dothewu/.m2/repository/jakarta/validation/jakarta.validation-api/2.0.2/jakarta.validation-api-2.0.2.jar:/home/dothewu/.m2/repository/org/hibernate/validator/hibernate-validator/6.0.18.Final/hibernate-validator-6.0.18.Final.jar:/home/dothewu/.m2/repository/org/springframework/spring-web/5.2.4.RELEASE/spring-web-5.2.4.RELEASE.jar:/home/dothewu/.m2/repository/org/springframework/spring-webmvc/5.2.4.RELEASE/spring-webmvc-5.2.4.RELEASE.jar:/home/dothewu/.m2/repository/org/springframework/boot/spring-boot-starter/2.2.5.RELEASE/spring-boot-starter-2.2.5.RELEASE.jar:/home/dothewu/.m2/repository/org/springframework/boot/spring-boot/2.2.5.RELEASE/spring-boot-2.2.5.RELEASE.jar:/home/dothewu/.m2/repository/org/springframework/boot/spring-boot-autoconfigure/2.2.5.RELEASE/spring-boot-autoconfigure-2.2.5.RELEASE.jar:/home/dothewu/.m2/repository/org/springframework/boot/spring-boot-starter-logging/2.2.5.RELEASE/spring-boot-starter-logging-2.2.5.RELEASE.jar:/home/dothewu/.m2/repository/ch/qos/logback/logback-classic/1.2.3/logback-classic-1.2.3.jar:/home/dothewu/.m2/repository/ch/qos/logback/logback-core/1.2.3/logback-core-1.2.3.jar:/home/dothewu/.m2/repository/org/apache/logging/log4j/log4j-to-slf4j/2.12.1/log4j-to-slf4j-2.12.1.jar:/home/dothewu/.m2/repository/org/slf4j/jul-to-slf4j/1.7.30/jul-to-slf4j-1.7.30.jar:/home/dothewu/.m2/repository/jakarta/annotation/jakarta.annotation-api/1.3.5/jakarta.annotation-api-1.3.5.jar:/home/dothewu/.m2/repository/org/yaml/snakeyaml/1.25/snakeyaml-1.25.jar:/home/dothewu/.m2/repository/org/projectlombok/lombok/1.18.12/lombok-1.18.12.jar:/home/dothewu/.m2/repository/org/springframework/boot/spring-boot-starter-data-jpa/2.2.5.RELEASE/spring-boot-starter-data-jpa-2.2.5.RELEASE.jar:/home/dothewu/.m2/repository/org/springframework/boot/spring-boot-starter-aop/2.2.5.RELEASE/spring-boot-starter-aop-2.2.5.RELEASE.jar:/home/dothewu/.m2/repository/org/aspectj/aspectjweaver/1.9.5/aspectjweaver-1.9.5.jar:/home/dothewu/.m2/repository/jakarta/activation/jakarta.activation-api/1.2.2/jakarta.activation-api-1.2.2.jar:/home/dothewu/.m2/repository/jakarta/persistence/jakarta.persistence-api/2.2.3/jakarta.persistence-api-2.2.3.jar:/home/dothewu/.m2/repository/jakarta/transaction/jakarta.transaction-api/1.3.3/jakarta.transaction-api-1.3.3.jar:/home/dothewu/.m2/repository/org/hibernate/hibernate-core/5.4.12.Final/hibernate-core-5.4.12.Final.jar:/home/dothewu/.m2/repository/org/jboss/logging/jboss-logging/3.4.1.Final/jboss-logging-3.4.1.Final.jar:/home/dothewu/.m2/repository/org/javassist/javassist/3.24.0-GA/javassist-3.24.0-GA.jar:/home/dothewu/.m2/repository/net/bytebuddy/byte-buddy/1.10.8/byte-buddy-1.10.8.jar:/home/dothewu/.m2/repository/antlr/antlr/2.7.7/antlr-2.7.7.jar:/home/dothewu/.m2/repository/org/jboss/jandex/2.1.1.Final/jandex-2.1.1.Final.jar:/home/dothewu/.m2/repository/com/fasterxml/classmate/1.5.1/classmate-1.5.1.jar:/home/dothewu/.m2/repository/org/dom4j/dom4j/2.1.1/dom4j-2.1.1.jar:/home/dothewu/.m2/repository/org/hibernate/common/hibernate-commons-annotations/5.1.0.Final/hibernate-commons-annotations-5.1.0.Final.jar:/home/dothewu/.m2/repository/org/glassfish/jaxb/jaxb-runtime/2.3.2/jaxb-runtime-2.3.2.jar:/home/dothewu/.m2/repository/org/glassfish/jaxb/txw2/2.3.2/txw2-2.3.2.jar:/home/dothewu/.m2/repository/com/sun/istack/istack-commons-runtime/3.0.8/istack-commons-runtime-3.0.8.jar:/home/dothewu/.m2/repository/org/jvnet/staxex/stax-ex/1.8.1/stax-ex-1.8.1.jar:/home/dothewu/.m2/repository/com/sun/xml/fastinfoset/FastInfoset/1.2.16/FastInfoset-1.2.16.jar:/home/dothewu/.m2/repository/org/springframework/data/spring-data-jpa/2.2.5.RELEASE/spring-data-jpa-2.2.5.RELEASE.jar:/home/dothewu/.m2/repository/org/springframework/spring-orm/5.2.4.RELEASE/spring-orm-5.2.4.RELEASE.jar:/home/dothewu/.m2/repository/org/springframework/spring-aspects/5.2.4.RELEASE/spring-aspects-5.2.4.RELEASE.jar:/home/dothewu/.m2/repository/org/springframework/boot/spring-boot-starter-test/2.2.5.RELEASE/spring-boot-starter-test-2.2.5.RELEASE.jar:/home/dothewu/.m2/repository/org/springframework/boot/spring-boot-test/2.2.5.RELEASE/spring-boot-test-2.2.5.RELEASE.jar:/home/dothewu/.m2/repository/org/springframework/boot/spring-boot-test-autoconfigure/2.2.5.RELEASE/spring-boot-test-autoconfigure-2.2.5.RELEASE.jar:/home/dothewu/.m2/repository/jakarta/xml/bind/jakarta.xml.bind-api/2.3.2/jakarta.xml.bind-api-2.3.2.jar:/home/dothewu/.m2/repository/org/junit/jupiter/junit-jupiter/5.5.2/junit-jupiter-5.5.2.jar:/home/dothewu/.m2/repository/org/junit/jupiter/junit-jupiter-api/5.5.2/junit-jupiter-api-5.5.2.jar:/home/dothewu/.m2/repository/org/apiguardian/apiguardian-api/1.1.0/apiguardian-api-1.1.0.jar:/home/dothewu/.m2/repository/org/opentest4j/opentest4j/1.2.0/opentest4j-1.2.0.jar:/home/dothewu/.m2/repository/org/junit/platform/junit-platform-commons/1.5.2/junit-platform-commons-1.5.2.jar:/home/dothewu/.m2/repository/org/junit/jupiter/junit-jupiter-params/5.5.2/junit-jupiter-params-5.5.2.jar:/home/dothewu/.m2/repository/org/junit/jupiter/junit-jupiter-engine/5.5.2/junit-jupiter-engine-5.5.2.jar:/home/dothewu/.m2/repository/org/junit/platform/junit-platform-engine/1.5.2/junit-platform-engine-1.5.2.jar:/home/dothewu/.m2/repository/org/mockito/mockito-junit-jupiter/3.1.0/mockito-junit-jupiter-3.1.0.jar:/home/dothewu/.m2/repository/org/assertj/assertj-core/3.13.2/assertj-core-3.13.2.jar:/home/dothewu/.m2/repository/org/hamcrest/hamcrest/2.1/hamcrest-2.1.jar:/home/dothewu/.m2/repository/org/mockito/mockito-core/3.1.0/mockito-core-3.1.0.jar:/home/dothewu/.m2/repository/net/bytebuddy/byte-buddy-agent/1.10.8/byte-buddy-agent-1.10.8.jar:/home/dothewu/.m2/repository/org/objenesis/objenesis/2.6/objenesis-2.6.jar:/home/dothewu/.m2/repository/org/skyscreamer/jsonassert/1.5.0/jsonassert-1.5.0.jar:/home/dothewu/.m2/repository/com/vaadin/external/google/android-json/0.0.20131108.vaadin1/android-json-0.0.20131108.vaadin1.jar:/home/dothewu/.m2/repository/org/xmlunit/xmlunit-core/2.6.3/xmlunit-core-2.6.3.jar:/home/dothewu/.m2/repository/org/springdoc/springdoc-openapi-ui/1.2.32/springdoc-openapi-ui-1.2.32.jar:/home/dothewu/.m2/repository/org/springdoc/springdoc-openapi-webmvc-core/1.2.32/springdoc-openapi-webmvc-core-1.2.32.jar:/home/dothewu/.m2/repository/org/webjars/swagger-ui/3.25.0/swagger-ui-3.25.0.jar:/home/dothewu/.m2/repository/org/webjars/webjars-locator/0.38/webjars-locator-0.38.jar:/home/dothewu/.m2/repository/org/webjars/webjars-locator-core/0.41/webjars-locator-core-0.41.jar:/home/dothewu/.m2/repository/org/webjars/npm/angular__http/2.4.10/angular__http-2.4.10.jar:/home/dothewu/.m2/repository/org/apache/commons/commons-lang3/3.9/commons-lang3-3.9.jar:/home/dothewu/.m2/repository/org/springdoc/springdoc-openapi-data-rest/1.2.32/springdoc-openapi-data-rest-1.2.32.jar:/home/dothewu/.m2/repository/org/springdoc/springdoc-openapi-common/1.2.32/springdoc-openapi-common-1.2.32.jar:/home/dothewu/.m2/repository/io/swagger/core/v3/swagger-models/2.1.1/swagger-models-2.1.1.jar:/home/dothewu/.m2/repository/io/swagger/core/v3/swagger-annotations/2.1.1/swagger-annotations-2.1.1.jar:/home/dothewu/.m2/repository/io/swagger/core/v3/swagger-integration/2.1.1/swagger-integration-2.1.1.jar:/home/dothewu/.m2/repository/io/swagger/core/v3/swagger-core/2.1.1/swagger-core-2.1.1.jar:/home/dothewu/.m2/repository/javax/xml/bind/jaxb-api/2.3.1/jaxb-api-2.3.1.jar:/home/dothewu/.m2/repository/javax/activation/javax.activation-api/1.2.0/javax.activation-api-1.2.0.jar:/home/dothewu/.m2/repository/com/fasterxml/jackson/dataformat/jackson-dataformat-yaml/2.10.2/jackson-dataformat-yaml-2.10.2.jar:/home/dothewu/.m2/repository/io/github/classgraph/classgraph/4.8.44/classgraph-4.8.44.jar:/home/dothewu/.m2/repository/org/springframework/boot/spring-boot-starter-data-rest/2.2.5.RELEASE/spring-boot-starter-data-rest-2.2.5.RELEASE.jar:/home/dothewu/.m2/repository/org/springframework/data/spring-data-rest-webmvc/3.2.5.RELEASE/spring-data-rest-webmvc-3.2.5.RELEASE.jar:/home/dothewu/.m2/repository/org/springframework/data/spring-data-rest-core/3.2.5.RELEASE/spring-data-rest-core-3.2.5.RELEASE.jar:/home/dothewu/.m2/repository/org/springframework/hateoas/spring-hateoas/1.0.3.RELEASE/spring-hateoas-1.0.3.RELEASE.jar:/home/dothewu/.m2/repository/org/springframework/plugin/spring-plugin-core/2.0.0.RELEASE/spring-plugin-core-2.0.0.RELEASE.jar:/home/dothewu/.m2/repository/org/atteo/evo-inflector/1.2.2/evo-inflector-1.2.2.jar:/home/dothewu/.m2/repository/javax/validation/validation-api/1.0.0.GA/validation-api-1.0.0.GA.jar:/home/dothewu/.m2/repository/org/springframework/boot/spring-boot-starter-security/2.2.5.RELEASE/spring-boot-starter-security-2.2.5.RELEASE.jar:/home/dothewu/.m2/repository/org/springframework/spring-aop/5.2.4.RELEASE/spring-aop-5.2.4.RELEASE.jar:/home/dothewu/.m2/repository/org/springframework/security/spring-security-config/5.2.2.RELEASE/spring-security-config-5.2.2.RELEASE.jar:/home/dothewu/.m2/repository/io/jsonwebtoken/jjwt/0.9.1/jjwt-0.9.1.jar:/home/dothewu/.m2/repository/com/fasterxml/jackson/core/jackson-databind/2.10.2/jackson-databind-2.10.2.jar:/home/dothewu/.m2/repository/com/fasterxml/jackson/core/jackson-annotations/2.10.2/jackson-annotations-2.10.2.jar:/home/dothewu/.m2/repository/com/fasterxml/jackson/core/jackson-core/2.10.2/jackson-core-2.10.2.jar:"/>
    <property name="sun.cpu.endian" value="little"/>
    <property name="user.home" value="/home/dothewu"/>
    <property name="user.language" value="en"/>
    <property name="java.specification.vendor" value="Oracle Corporation"/>
    <property name="java.home" value="/usr/lib/jvm/java-8-openjdk-amd64/jre"/>
    <property name="basedir" value="/home/dothewu/Downloads/Testing/taco-loco"/>
    <property name="file.separator" value="/"/>
    <property name="line.separator" value="&#10;"/>
    <property name="java.vm.specification.vendor" value="Oracle Corporation"/>
    <property name="java.specification.name" value="Java Platform API Specification"/>
    <property name="java.awt.graphicsenv" value="sun.awt.X11GraphicsEnvironment"/>
    <property name="surefire.real.class.path" value="/home/dothewu/Downloads/Testing/taco-loco/target/surefire/surefirebooter4530917955634200194.jar"/>
    <property name="sun.boot.class.path" value="/usr/lib/jvm/java-8-openjdk-amd64/jre/lib/resources.jar:/usr/lib/jvm/java-8-openjdk-amd64/jre/lib/rt.jar:/usr/lib/jvm/java-8-openjdk-amd64/jre/lib/sunrsasign.jar:/usr/lib/jvm/java-8-openjdk-amd64/jre/lib/jsse.jar:/usr/lib/jvm/java-8-openjdk-amd64/jre/lib/jce.jar:/usr/lib/jvm/java-8-openjdk-amd64/jre/lib/charsets.jar:/usr/lib/jvm/java-8-openjdk-amd64/jre/lib/jfr.jar:/usr/lib/jvm/java-8-openjdk-amd64/jre/classes"/>
    <property name="sun.management.compiler" value="HotSpot 64-Bit Tiered Compilers"/>
    <property name="java.runtime.version" value="1.8.0_252-8u252-b09-1~16.04-b09"/>
    <property name="user.name" value="dothewu"/>
    <property name="path.separator" value=":"/>
    <property name="os.version" value="4.4.228-18595-g865d12c976c7"/>
    <property name="java.endorsed.dirs" value="/usr/lib/jvm/java-8-openjdk-amd64/jre/lib/endorsed"/>
    <property name="java.runtime.name" value="OpenJDK Runtime Environment"/>
    <property name="file.encoding" value="UTF-8"/>
    <property name="java.vm.name" value="OpenJDK 64-Bit Server VM"/>
    <property name="localRepository" value="/home/dothewu/.m2/repository"/>
    <property name="java.vendor.url.bug" value="http://bugreport.sun.com/bugreport/"/>
    <property name="java.io.tmpdir" value="/tmp"/>
    <property name="java.version" value="1.8.0_252"/>
    <property name="user.dir" value="/home/dothewu/Downloads/Testing/taco-loco"/>
    <property name="os.arch" value="amd64"/>
    <property name="java.vm.specification.name" value="Java Virtual Machine Specification"/>
    <property name="java.awt.printerjob" value="sun.print.PSPrinterJob"/>
    <property name="sun.os.patch.level" value="unknown"/>
    <property name="java.library.path" value="/usr/java/packages/lib/amd64:/usr/lib/x86_64-linux-gnu/jni:/lib/x86_64-linux-gnu:/usr/lib/x86_64-linux-gnu:/usr/lib/jni:/lib:/usr/lib"/>
    <property name="java.vm.info" value="mixed mode"/>
    <property name="java.vendor" value="Private Build"/>
    <property name="java.vm.version" value="25.252-b09"/>
    <property name="java.ext.dirs" value="/usr/lib/jvm/java-8-openjdk-amd64/jre/lib/ext:/usr/java/packages/lib/ext"/>
    <property name="sun.io.unicode.encoding" value="UnicodeLittle"/>
    <property name="java.class.version" value="52.0"/>
  </properties>
  <testcase name="getPublicDetailsForAllExistingUsers" classname="com.tacoloco.pricingCalculator.IntegrationTests" time="3.643">
    <failure message="JSON path &quot;$[0].role&quot;&#10;Expected: is &quot;Software Engineer I&quot;&#10;     but: was &quot;Sofware Engineer I&quot;" type="java.lang.AssertionError">java.lang.AssertionError: 
JSON path "$[0].role"
Expected: is "Software Engineer I"
     but: was "Sofware Engineer I"
	at com.tacoloco.pricingCalculator.IntegrationTests.getPublicDetailsForAllExistingUsers(IntegrationTests.java:163)
</failure>
    <system-out><![CDATA[13:29:32.554 [main] DEBUG org.springframework.test.context.BootstrapUtils - Instantiating CacheAwareContextLoaderDelegate from class [org.springframework.test.context.cache.DefaultCacheAwareContextLoaderDelegate]
13:29:32.647 [main] DEBUG org.springframework.test.context.BootstrapUtils - Instantiating BootstrapContext using constructor [public org.springframework.test.context.support.DefaultBootstrapContext(java.lang.Class,org.springframework.test.context.CacheAwareContextLoaderDelegate)]
13:29:32.992 [main] DEBUG org.springframework.test.context.BootstrapUtils - Instantiating TestContextBootstrapper for test class [com.tacoloco.pricingCalculator.IntegrationTests] from class [org.springframework.boot.test.context.SpringBootTestContextBootstrapper]
13:29:33.114 [main] INFO org.springframework.boot.test.context.SpringBootTestContextBootstrapper - Neither @ContextConfiguration nor @ContextHierarchy found for test class [com.tacoloco.pricingCalculator.IntegrationTests], using SpringBootContextLoader
13:29:33.149 [main] DEBUG org.springframework.test.context.support.AbstractContextLoader - Did not detect default resource location for test class [com.tacoloco.pricingCalculator.IntegrationTests]: class path resource [com/tacoloco/pricingCalculator/IntegrationTests-context.xml] does not exist
13:29:33.151 [main] DEBUG org.springframework.test.context.support.AbstractContextLoader - Did not detect default resource location for test class [com.tacoloco.pricingCalculator.IntegrationTests]: class path resource [com/tacoloco/pricingCalculator/IntegrationTestsContext.groovy] does not exist
13:29:33.152 [main] INFO org.springframework.test.context.support.AbstractContextLoader - Could not detect default resource locations for test class [com.tacoloco.pricingCalculator.IntegrationTests]: no resource found for suffixes {-context.xml, Context.groovy}.
13:29:34.773 [main] DEBUG org.springframework.boot.test.context.SpringBootTestContextBootstrapper - @TestExecutionListeners is not present for class [com.tacoloco.pricingCalculator.IntegrationTests]: using defaults.
13:29:34.804 [main] INFO org.springframework.boot.test.context.SpringBootTestContextBootstrapper - Loaded default TestExecutionListener class names from location [META-INF/spring.factories]: [org.springframework.security.test.context.support.WithSecurityContextTestExecutionListener, org.springframework.security.test.context.support.ReactorContextTestExecutionListener, org.springframework.test.context.web.ServletTestExecutionListener, org.springframework.test.context.support.DirtiesContextBeforeModesTestExecutionListener, org.springframework.test.context.support.DependencyInjectionTestExecutionListener, org.springframework.test.context.support.DirtiesContextTestExecutionListener, org.springframework.test.context.transaction.TransactionalTestExecutionListener, org.springframework.test.context.jdbc.SqlScriptsTestExecutionListener, org.springframework.test.context.event.EventPublishingTestExecutionListener, org.springframework.boot.test.mock.mockito.MockitoTestExecutionListener, org.springframework.boot.test.mock.mockito.ResetMocksTestExecutionListener, org.springframework.boot.test.autoconfigure.restdocs.RestDocsTestExecutionListener, org.springframework.boot.test.autoconfigure.web.client.MockRestServiceServerResetTestExecutionListener, org.springframework.boot.test.autoconfigure.web.servlet.MockMvcPrintOnlyOnFailureTestExecutionListener, org.springframework.boot.test.autoconfigure.web.servlet.WebDriverTestExecutionListener]
13:29:35.319 [main] INFO org.springframework.boot.test.context.SpringBootTestContextBootstrapper - Using TestExecutionListeners: [org.springframework.test.context.web.ServletTestExecutionListener@229c6181, org.springframework.test.context.support.DirtiesContextBeforeModesTestExecutionListener@4686afc2, org.springframework.boot.test.mock.mockito.MockitoTestExecutionListener@1e0b4072, org.springframework.boot.test.autoconfigure.SpringBootDependencyInjectionTestExecutionListener@791f145a, org.springframework.test.context.support.DirtiesContextTestExecutionListener@38cee291, org.springframework.test.context.transaction.TransactionalTestExecutionListener@4b45a2f5, org.springframework.test.context.jdbc.SqlScriptsTestExecutionListener@f09733f, org.springframework.security.test.context.support.WithSecurityContextTestExecutionListener@e350b40, org.springframework.test.context.event.EventPublishingTestExecutionListener@41a0aa7d, org.springframework.security.test.context.support.ReactorContextTestExecutionListener@2794eab6, org.springframework.boot.test.mock.mockito.ResetMocksTestExecutionListener@6340e5f0, org.springframework.boot.test.autoconfigure.restdocs.RestDocsTestExecutionListener@45099dd3, org.springframework.boot.test.autoconfigure.web.client.MockRestServiceServerResetTestExecutionListener@13e344d, org.springframework.boot.test.autoconfigure.web.servlet.MockMvcPrintOnlyOnFailureTestExecutionListener@1ffaf86, org.springframework.boot.test.autoconfigure.web.servlet.WebDriverTestExecutionListener@6574a52c]
13:29:35.340 [main] DEBUG org.springframework.test.context.support.AbstractDirtiesContextTestExecutionListener - Before test class: context [DefaultTestContext@3646a422 testClass = IntegrationTests, testInstance = [null], testMethod = [null], testException = [null], mergedContextConfiguration = [WebMergedContextConfiguration@750e2b97 testClass = IntegrationTests, locations = '{}', classes = '{class com.tacoloco.TestConfiguration, class com.tacoloco.TestConfiguration}', contextInitializerClasses = '[]', activeProfiles = '{test}', propertySourceLocations = '{}', propertySourceProperties = '{org.springframework.boot.test.context.SpringBootTestContextBootstrapper=true}', contextCustomizers = set[[ImportsContextCustomizer@3e27aa33 key = [org.springframework.boot.test.autoconfigure.web.servlet.MockMvcAutoConfiguration, org.springframework.boot.test.autoconfigure.web.servlet.MockMvcWebClientAutoConfiguration, org.springframework.boot.test.autoconfigure.web.servlet.MockMvcWebDriverAutoConfiguration, org.springframework.boot.autoconfigure.security.servlet.SecurityAutoConfiguration, org.springframework.boot.autoconfigure.security.servlet.UserDetailsServiceAutoConfiguration, org.springframework.boot.test.autoconfigure.web.servlet.MockMvcSecurityConfiguration]], org.springframework.boot.test.context.filter.ExcludeFilterContextCustomizer@2b662a77, org.springframework.boot.test.json.DuplicateJsonObjectContextCustomizerFactory$DuplicateJsonObjectContextCustomizer@1623b78d, org.springframework.boot.test.mock.mockito.MockitoContextCustomizer@0, org.springframework.boot.test.web.client.TestRestTemplateContextCustomizer@3c19aaa5, org.springframework.boot.test.autoconfigure.properties.PropertyMappingContextCustomizer@4b3fa0b3, org.springframework.boot.test.autoconfigure.web.servlet.WebDriverContextCustomizerFactory$Customizer@4d5d943d], resourceBasePath = 'src/main/webapp', contextLoader = 'org.springframework.boot.test.context.SpringBootContextLoader', parent = [null]], attributes = map['org.springframework.test.context.web.ServletTestExecutionListener.activateListener' -> true]], class annotated with @DirtiesContext [false] with mode [null].
13:29:35.866 [main] DEBUG org.springframework.test.context.support.TestPropertySourceUtils - Adding inlined properties to environment: {spring.jmx.enabled=false, org.springframework.boot.test.context.SpringBootTestContextBootstrapper=true, server.port=-1}

  .   ____          _            __ _ _
 /\\ / ___'_ __ _ _(_)_ __  __ _ \ \ \ \
( ( )\___ | '_ | '_| | '_ \/ _` | \ \ \ \
 \\/  ___)| |_)| | | | | || (_| |  ) ) ) )
  '  |____| .__|_| |_|_| |_\__, | / / / /
 =========|_|==============|___/=/_/_/_/
 :: Spring Boot ::        (v2.2.5.RELEASE)

2020-09-15 13:29:38.257  INFO 29458 --- [           main] c.t.pricingCalculator.IntegrationTests   : Starting IntegrationTests on localhost with PID 29458 (started by dothewu in /home/dothewu/Downloads/Testing/taco-loco)
2020-09-15 13:29:38.262  INFO 29458 --- [           main] c.t.pricingCalculator.IntegrationTests   : The following profiles are active: test
2020-09-15 13:29:42.929  INFO 29458 --- [           main] .s.d.r.c.RepositoryConfigurationDelegate : Multiple Spring Data modules found, entering strict repository configuration mode!
2020-09-15 13:29:42.936  INFO 29458 --- [           main] .s.d.r.c.RepositoryConfigurationDelegate : Bootstrapping Spring Data JDBC repositories in DEFAULT mode.
2020-09-15 13:29:43.392  INFO 29458 --- [           main] .RepositoryConfigurationExtensionSupport : Spring Data JDBC - Could not safely identify store assignment for repository candidate interface com.tacoloco.dao.SessionDao. If you want this repository to be a JDBC repository, consider annotating your entities with one of these annotations: org.springframework.data.relational.core.mapping.Table.
2020-09-15 13:29:43.422  INFO 29458 --- [           main] .RepositoryConfigurationExtensionSupport : Spring Data JDBC - Could not safely identify store assignment for repository candidate interface com.tacoloco.dao.UserDao. If you want this repository to be a JDBC repository, consider annotating your entities with one of these annotations: org.springframework.data.relational.core.mapping.Table.
2020-09-15 13:29:43.451  INFO 29458 --- [           main] .s.d.r.c.RepositoryConfigurationDelegate : Finished Spring Data repository scanning in 483ms. Found 0 JDBC repository interfaces.
2020-09-15 13:29:43.601  INFO 29458 --- [           main] .s.d.r.c.RepositoryConfigurationDelegate : Multiple Spring Data modules found, entering strict repository configuration mode!
2020-09-15 13:29:43.921  INFO 29458 --- [           main] .s.d.r.c.RepositoryConfigurationDelegate : Bootstrapping Spring Data JPA repositories in DEFAULT mode.
2020-09-15 13:29:44.381  INFO 29458 --- [           main] .s.d.r.c.RepositoryConfigurationDelegate : Finished Spring Data repository scanning in 405ms. Found 2 JPA repository interfaces.
2020-09-15 13:29:49.529  INFO 29458 --- [           main] trationDelegate$BeanPostProcessorChecker : Bean 'org.springframework.security.config.annotation.configuration.ObjectPostProcessorConfiguration' of type [org.springframework.security.config.annotation.configuration.ObjectPostProcessorConfiguration] is not eligible for getting processed by all BeanPostProcessors (for example: not eligible for auto-proxying)
2020-09-15 13:29:49.596  INFO 29458 --- [           main] trationDelegate$BeanPostProcessorChecker : Bean 'objectPostProcessor' of type [org.springframework.security.config.annotation.configuration.AutowireBeanFactoryObjectPostProcessor] is not eligible for getting processed by all BeanPostProcessors (for example: not eligible for auto-proxying)
2020-09-15 13:29:49.619  INFO 29458 --- [           main] trationDelegate$BeanPostProcessorChecker : Bean 'org.springframework.security.access.expression.method.DefaultMethodSecurityExpressionHandler@4fa9ab6' of type [org.springframework.security.access.expression.method.DefaultMethodSecurityExpressionHandler] is not eligible for getting processed by all BeanPostProcessors (for example: not eligible for auto-proxying)
2020-09-15 13:29:49.701  INFO 29458 --- [           main] trationDelegate$BeanPostProcessorChecker : Bean 'org.springframework.security.config.annotation.method.configuration.GlobalMethodSecurityConfiguration' of type [org.springframework.security.config.annotation.method.configuration.GlobalMethodSecurityConfiguration] is not eligible for getting processed by all BeanPostProcessors (for example: not eligible for auto-proxying)
2020-09-15 13:29:49.869  INFO 29458 --- [           main] trationDelegate$BeanPostProcessorChecker : Bean 'methodSecurityMetadataSource' of type [org.springframework.security.access.method.DelegatingMethodSecurityMetadataSource] is not eligible for getting processed by all BeanPostProcessors (for example: not eligible for auto-proxying)
2020-09-15 13:29:51.244  INFO 29458 --- [           main] com.zaxxer.hikari.HikariDataSource       : HikariPool-1 - Starting...
2020-09-15 13:29:52.188  INFO 29458 --- [           main] com.zaxxer.hikari.HikariDataSource       : HikariPool-1 - Start completed.
2020-09-15 13:29:52.995  INFO 29458 --- [           main] o.hibernate.jpa.internal.util.LogHelper  : HHH000204: Processing PersistenceUnitInfo [name: default]
2020-09-15 13:29:53.505  INFO 29458 --- [           main] org.hibernate.Version                    : HHH000412: Hibernate ORM core version 5.4.12.Final
2020-09-15 13:29:54.151  INFO 29458 --- [           main] o.hibernate.annotations.common.Version   : HCANN000001: Hibernate Commons Annotations {5.1.0.Final}
2020-09-15 13:29:54.972  INFO 29458 --- [           main] org.hibernate.dialect.Dialect            : HHH000400: Using dialect: org.hibernate.dialect.H2Dialect
2020-09-15 13:29:58.849  INFO 29458 --- [           main] o.h.e.t.j.p.i.JtaPlatformInitiator       : HHH000490: Using JtaPlatform implementation: [org.hibernate.engine.transaction.jta.platform.internal.NoJtaPlatform]
2020-09-15 13:29:58.947  INFO 29458 --- [           main] j.LocalContainerEntityManagerFactoryBean : Initialized JPA EntityManagerFactory for persistence unit 'default'
2020-09-15 13:30:00.950  WARN 29458 --- [           main] JpaBaseConfiguration$JpaWebConfiguration : spring.jpa.open-in-view is enabled by default. Therefore, database queries may be performed during view rendering. Explicitly configure spring.jpa.open-in-view to disable this warning
2020-09-15 13:30:21.023  INFO 29458 --- [           main] o.s.s.web.DefaultSecurityFilterChain     : Creating filter chain: any request, [org.springframework.security.web.context.request.async.WebAsyncManagerIntegrationFilter@1af82ba8, org.springframework.security.web.context.SecurityContextPersistenceFilter@572b4072, org.springframework.security.web.header.HeaderWriterFilter@19e8fe55, org.springframework.security.web.authentication.logout.LogoutFilter@fefb66c, org.springframework.security.web.savedrequest.RequestCacheAwareFilter@5b74902c, org.springframework.security.web.servletapi.SecurityContextHolderAwareRequestFilter@77fceac6, org.springframework.security.web.authentication.AnonymousAuthenticationFilter@703cb756, org.springframework.security.web.session.SessionManagementFilter@756200d1, org.springframework.security.web.access.ExceptionTranslationFilter@b5ff70b, org.springframework.security.web.access.intercept.FilterSecurityInterceptor@12404f9d]
2020-09-15 13:30:23.436  INFO 29458 --- [           main] o.s.s.web.DefaultSecurityFilterChain     : Creating filter chain: any request, [org.springframework.security.web.context.request.async.WebAsyncManagerIntegrationFilter@7cbe3a05, org.springframework.security.web.context.SecurityContextPersistenceFilter@29592929, org.springframework.security.web.header.HeaderWriterFilter@656c5818, org.springframework.security.web.csrf.CsrfFilter@5621a671, org.springframework.security.web.authentication.logout.LogoutFilter@774304ca, org.springframework.security.web.authentication.UsernamePasswordAuthenticationFilter@7d551ec6, org.springframework.security.web.authentication.ui.DefaultLoginPageGeneratingFilter@5ea9373e, org.springframework.security.web.authentication.ui.DefaultLogoutPageGeneratingFilter@40b70f31, org.springframework.security.web.authentication.www.BasicAuthenticationFilter@120d13ae, org.springframework.security.web.savedrequest.RequestCacheAwareFilter@4cf5d999, org.springframework.security.web.servletapi.SecurityContextHolderAwareRequestFilter@4bdef487, org.springframework.security.web.authentication.AnonymousAuthenticationFilter@3adde4ea, org.springframework.security.web.session.SessionManagementFilter@3e2578ea, org.springframework.security.web.access.ExceptionTranslationFilter@21688427, org.springframework.security.web.access.intercept.FilterSecurityInterceptor@65a80fdb]
2020-09-15 13:30:34.226  INFO 29458 --- [           main] o.s.s.concurrent.ThreadPoolTaskExecutor  : Initializing ExecutorService 'applicationTaskExecutor'
2020-09-15 13:31:00.566  INFO 29458 --- [           main] o.s.b.t.m.w.SpringBootMockServletContext : Initializing Spring TestDispatcherServlet ''
2020-09-15 13:31:00.574  INFO 29458 --- [           main] o.s.t.web.servlet.TestDispatcherServlet  : Initializing Servlet ''
2020-09-15 13:31:00.862  INFO 29458 --- [           main] o.s.t.web.servlet.TestDispatcherServlet  : Completed initialization in 286 ms
2020-09-15 13:31:01.393  INFO 29458 --- [           main] c.t.pricingCalculator.IntegrationTests   : Started IntegrationTests in 85.457 seconds (JVM running for 94.744)
2020-09-15 13:31:04.846  INFO 29458 --- [           main] com.tacoloco.config.JwtRequestFilter     : RequestURI /allPublicUserDetails
2020-09-15 13:31:04.848  WARN 29458 --- [           main] com.tacoloco.config.JwtRequestFilter     : JWT Token does not begin with Bearer String

MockHttpServletRequest:
      HTTP Method = POST
      Request URI = /register
       Parameters = {}
          Headers = [Content-Type:"application/json;charset=UTF-8", Content-Length:"159"]
             Body = {"username":"SirSnoopy", "firstName":"Joe", "lastName": "Cool", "password": "SnoopDoDubbaG", "matchingPassword": "SnoopDoDubbaG", "role": "Sofware Engineer I"}
    Session Attrs = {}

Handler:
             Type = com.tacoloco.controller.PricingCalculatorController
           Method = com.tacoloco.controller.PricingCalculatorController#saveUser(Customer)

Async:
    Async started = false
     Async result = null

Resolved Exception:
             Type = null

ModelAndView:
        View name = null
             View = null
            Model = null

FlashMap:
       Attributes = null

MockHttpServletResponse:
           Status = 201
    Error message = null
          Headers = [Vary:"Origin", "Access-Control-Request-Method", "Access-Control-Request-Headers", Location:"/publicUserDetails/SirSnoopy", X-Content-Type-Options:"nosniff", X-XSS-Protection:"1; mode=block", Cache-Control:"no-cache, no-store, max-age=0, must-revalidate", Pragma:"no-cache", Expires:"0", X-Frame-Options:"DENY"]
     Content type = null
             Body = 
    Forwarded URL = null
   Redirected URL = /publicUserDetails/SirSnoopy
          Cookies = []

MockHttpServletRequest:
      HTTP Method = POST
      Request URI = /register
       Parameters = {}
          Headers = [Content-Type:"application/json;charset=UTF-8", Content-Length:"128"]
             Body = {"username":"MrSnoopy", "firstName":"Joe", "lastName": "Cool", "password": "SnoopDoDubbaG", "matchingPassword": "SnoopDoDubbaG"}
    Session Attrs = {}

Handler:
             Type = com.tacoloco.controller.PricingCalculatorController
           Method = com.tacoloco.controller.PricingCalculatorController#saveUser(Customer)

Async:
    Async started = false
     Async result = null

Resolved Exception:
             Type = null

ModelAndView:
        View name = null
             View = null
            Model = null

FlashMap:
       Attributes = null

MockHttpServletResponse:
           Status = 201
    Error message = null
          Headers = [Vary:"Origin", "Access-Control-Request-Method", "Access-Control-Request-Headers", Location:"/publicUserDetails/MrSnoopy", X-Content-Type-Options:"nosniff", X-XSS-Protection:"1; mode=block", Cache-Control:"no-cache, no-store, max-age=0, must-revalidate", Pragma:"no-cache", Expires:"0", X-Frame-Options:"DENY"]
     Content type = null
             Body = 
    Forwarded URL = null
   Redirected URL = /publicUserDetails/MrSnoopy
          Cookies = []

MockHttpServletRequest:
      HTTP Method = GET
      Request URI = /allPublicUserDetails
       Parameters = {}
          Headers = [Content-Type:"application/json;charset=UTF-8"]
             Body = null
    Session Attrs = {}

Handler:
             Type = com.tacoloco.controller.PricingCalculatorController
           Method = com.tacoloco.controller.PricingCalculatorController#getAllPublicUserDetails()

Async:
    Async started = false
     Async result = null

Resolved Exception:
             Type = null

ModelAndView:
        View name = null
             View = null
            Model = null

FlashMap:
       Attributes = null

MockHttpServletResponse:
           Status = 200
    Error message = null
          Headers = [Vary:"Origin", "Access-Control-Request-Method", "Access-Control-Request-Headers", Content-Type:"text/plain;charset=UTF-8", Content-Length:"231", X-Content-Type-Options:"nosniff", X-XSS-Protection:"1; mode=block", Cache-Control:"no-cache, no-store, max-age=0, must-revalidate", Pragma:"no-cache", Expires:"0", X-Frame-Options:"DENY"]
     Content type = text/plain;charset=UTF-8
             Body = [ {
  "id" : 1,
  "username" : "SirSnoopy",
  "firstName" : "Joe",
  "lastName" : "Cool",
  "role" : "Sofware Engineer I"
}, {
  "id" : 2,
  "username" : "MrSnoopy",
  "firstName" : "Joe",
  "lastName" : "Cool",
  "role" : null
} ]
    Forwarded URL = null
   Redirected URL = null
          Cookies = []
]]></system-out>
  </testcase>
  <testcase name="getTotalValidWithDiscount" classname="com.tacoloco.pricingCalculator.IntegrationTests" time="0.617"/>
  <testcase name="postRegisterCustomerInvalid" classname="com.tacoloco.pricingCalculator.IntegrationTests" time="0.596"/>
  <testcase name="postOverwriteSessionWrongUser" classname="com.tacoloco.pricingCalculator.IntegrationTests" time="2.339"/>
  <testcase name="postOverwriteSessionNotInTeammates" classname="com.tacoloco.pricingCalculator.IntegrationTests" time="0.778"/>
  <testcase name="getTotalValid" classname="com.tacoloco.pricingCalculator.IntegrationTests" time="0.066"/>
  <testcase name="postAddNewSessionSameStoryId" classname="com.tacoloco.pricingCalculator.IntegrationTests" time="0.299"/>
  <testcase name="postOverwriteSessionValid" classname="com.tacoloco.pricingCalculator.IntegrationTests" time="0.543"/>
  <testcase name="postRegisterCustomerTwiceInvalid" classname="com.tacoloco.pricingCalculator.IntegrationTests" time="2.286"/>
  <testcase name="getPublicDetailsForExistingUser" classname="com.tacoloco.pricingCalculator.IntegrationTests" time="3.719"/>
  <testcase name="postAddNewSessionBadTimeFormat" classname="com.tacoloco.pricingCalculator.IntegrationTests" time="1.296"/>
  <testcase name="getTotalNegativeNumber" classname="com.tacoloco.pricingCalculator.IntegrationTests" time="0.699"/>
  <testcase name="putInsertCustomerValid" classname="com.tacoloco.pricingCalculator.IntegrationTests" time="0.635"/>
  <testcase name="getTotalInvalid" classname="com.tacoloco.pricingCalculator.IntegrationTests" time="0.114"/>
  <testcase name="postOverwriteSessionRightUserSameCreator" classname="com.tacoloco.pricingCalculator.IntegrationTests" time="2.793"/>
  <testcase name="postAuthenticateUserValid" classname="com.tacoloco.pricingCalculator.IntegrationTests" time="0.371"/>
  <testcase name="postAddNewSessionRightUser" classname="com.tacoloco.pricingCalculator.IntegrationTests" time="0.496"/>
  <testcase name="getPublicInfoFromInvalidUsername" classname="com.tacoloco.pricingCalculator.IntegrationTests" time="0.034"/>
  <testcase name="postAddNewSessionValid" classname="com.tacoloco.pricingCalculator.IntegrationTests" time="0.059"/>
  <testcase name="postRegisterCustomerValid" classname="com.tacoloco.pricingCalculator.IntegrationTests" time="0.43"/>
  <testcase name="getTotalInvalid400" classname="com.tacoloco.pricingCalculator.IntegrationTests" time="0.047"/>
  <testcase name="postOverwriteSessionRightUser" classname="com.tacoloco.pricingCalculator.IntegrationTests" time="1.162"/>
  <testcase name="postAddNewSessionWrongUser" classname="com.tacoloco.pricingCalculator.IntegrationTests" time="0.294"/>
  <testcase name="getSessionFromUsernameValid" classname="com.tacoloco.pricingCalculator.IntegrationTests" time="0.195"/>
</testsuite>